Log file open, 10/12/19 13:22:00
LogWindows: Failed to load 'aqProf.dll' (GetLastError=126)
LogWindows: File 'aqProf.dll' does not exist
LogWindows: Failed to load 'VtuneApi.dll' (GetLastError=126)
LogWindows: File 'VtuneApi.dll' does not exist
LogWindows: Failed to load 'VtuneApi32e.dll' (GetLastError=126)
LogWindows: File 'VtuneApi32e.dll' does not exist
LogConsoleResponse: Display: Failed to find resolution value strings in scalability ini. Falling back to default.
LogInit: Display: Running engine for game: MagnetoCrab
LogPlatformFile: Not using cached read wrapper
LogTaskGraph: Started task graph with 5 named threads and 23 total threads with 3 sets of task threads.
LogStats: Stats thread started at 0.136611
LogD3D11RHI: Loaded GFSDK_Aftermath_Lib.x64.dll
LogICUInternationalization: ICU TimeZone Detection - Raw Offset: -6:00, Platform Override: ''
LogPluginManager: Mounting plugin Paper2D
LogPluginManager: Mounting plugin AISupport
LogPluginManager: Mounting plugin LightPropagationVolume
LogPluginManager: Mounting plugin ActorLayerUtilities
LogPluginManager: Mounting plugin AnimationSharing
LogPluginManager: Mounting plugin CLionSourceCodeAccess
LogPluginManager: Mounting plugin CodeLiteSourceCodeAccess
LogPluginManager: Mounting plugin GitSourceControl
LogPluginManager: Mounting plugin KDevelopSourceCodeAccess
LogPluginManager: Mounting plugin NullSourceCodeAccess
LogPluginManager: Mounting plugin PerforceSourceControl
LogPluginManager: Mounting plugin SubversionSourceControl
LogPluginManager: Mounting plugin UObjectPlugin
LogPluginManager: Mounting plugin VisualStudioCodeSourceCodeAccess
LogPluginManager: Mounting plugin VisualStudioSourceCodeAccess
LogPluginManager: Mounting plugin XCodeSourceCodeAccess
LogPluginManager: Mounting plugin AssetManagerEditor
LogPluginManager: Mounting plugin CryptoKeys
LogPluginManager: Mounting plugin CurveEditorTools
LogPluginManager: Mounting plugin DataValidation
LogPluginManager: Mounting plugin FacialAnimation
LogPluginManager: Mounting plugin GameplayTagsEditor
LogPluginManager: Mounting plugin MacGraphicsSwitching
LogPluginManager: Mounting plugin MaterialAnalyzer
LogPluginManager: Mounting plugin MobileLauncherProfileWizard
LogPluginManager: Mounting plugin PluginBrowser
LogPluginManager: Mounting plugin SpeedTreeImporter
LogPluginManager: Mounting plugin DatasmithContent
LogPluginManager: Mounting plugin VariantManagerContent
LogPluginManager: Mounting plugin AlembicImporter
LogPluginManager: Mounting plugin AutomationUtils
LogPluginManager: Mounting plugin BackChannel
LogPluginManager: Mounting plugin CharacterAI
LogPluginManager: Mounting plugin GeometryCache
LogPluginManager: Mounting plugin HTML5Networking
LogPluginManager: Mounting plugin PlatformCrypto
LogPluginManager: Mounting plugin ProxyLODPlugin
LogPluginManager: Mounting plugin SkeletalReduction
LogPluginManager: Mounting plugin MagicLeap
LogPluginManager: Mounting plugin MagicLeapMedia
LogPluginManager: Mounting plugin AndroidMedia
LogPluginManager: Mounting plugin AvfMedia
LogPluginManager: Mounting plugin ImgMedia
LogPluginManager: Mounting plugin MediaCompositing
LogPluginManager: Mounting plugin MediaPlayerEditor
LogPluginManager: Mounting plugin WebMMedia
LogPluginManager: Mounting plugin WmfMedia
LogPluginManager: Mounting plugin TcpMessaging
LogPluginManager: Mounting plugin UdpMessaging
LogPluginManager: Mounting plugin ActorSequence
LogPluginManager: Mounting plugin LevelSequenceEditor
LogPluginManager: Mounting plugin MatineeToLevelSequence
LogPluginManager: Mounting plugin NetcodeUnitTest
LogPluginManager: Mounting plugin NUTUnrealEngine4
LogPluginManager: Mounting plugin OnlineSubsystemGooglePlay
LogPluginManager: Mounting plugin OnlineSubsystemIOS
LogPluginManager: Mounting plugin OnlineSubsystem
LogPluginManager: Mounting plugin OnlineSubsystemNull
LogPluginManager: Mounting plugin OnlineSubsystemUtils
LogPluginManager: Mounting plugin LauncherChunkInstaller
LogPluginManager: Mounting plugin AndroidDeviceProfileSelector
LogPluginManager: Mounting plugin AndroidMoviePlayer
LogPluginManager: Mounting plugin AndroidPermission
LogPluginManager: Mounting plugin AppleImageUtils
LogPluginManager: Mounting plugin AppleMoviePlayer
LogPluginManager: Mounting plugin ArchVisCharacter
LogPluginManager: Mounting plugin AudioCapture
LogPluginManager: Mounting plugin CableComponent
LogPluginManager: Mounting plugin CustomMeshComponent
LogPluginManager: Mounting plugin EditableMesh
LogPluginManager: Mounting plugin ExampleDeviceProfileSelector
LogPluginManager: Mounting plugin GoogleCloudMessaging
LogPluginManager: Mounting plugin IOSDeviceProfileSelector
LogPluginManager: Mounting plugin LinuxDeviceProfileSelector
LogPluginManager: Mounting plugin LocationServicesBPLibrary
LogPluginManager: Mounting plugin MobilePatchingUtils
LogPluginManager: Mounting plugin OculusVR
LogPluginManager: Mounting plugin PhysXVehicles
LogPluginManager: Mounting plugin ProceduralMeshComponent
LogPluginManager: Mounting plugin RuntimePhysXCooking
LogPluginManager: Mounting plugin SignificanceManager
LogPluginManager: Mounting plugin SteamVR
LogPluginManager: Mounting plugin WebMMoviePlayer
LogPluginManager: Mounting plugin WindowsMoviePlayer
LogPluginManager: Mounting plugin ScreenshotTools
LogInit: Using libcurl 7.55.1-DEV
LogInit:  - built for x86_64-pc-win32
LogInit:  - supports SSL with OpenSSL/1.1.1
LogInit:  - supports HTTP deflate (compression) using libz 1.2.8
LogInit:  - other features:
LogInit:      CURL_VERSION_SSL
LogInit:      CURL_VERSION_LIBZ
LogInit:      CURL_VERSION_IPV6
LogInit:      CURL_VERSION_ASYNCHDNS
LogInit:      CURL_VERSION_LARGEFILE
LogInit:      CURL_VERSION_IDN
LogInit:  CurlRequestOptions (configurable via config and command line):
LogInit:  - bVerifyPeer = true  - Libcurl will verify peer certificate
LogInit:  - bUseHttpProxy = false  - Libcurl will NOT use HTTP proxy
LogInit:  - bDontReuseConnections = false  - Libcurl will reuse connections
LogInit:  - MaxHostConnections = 16  - Libcurl will limit the number of connections to a host
LogInit:  - LocalHostAddr = Default
LogInit:  - BufferSize = 65536
LogOnline: OSS: Creating online subsystem instance for: NULL
LogInit: WinSock: version 1.1 (2.2), MaxSocks=32767, MaxUdp=65467
LogInit: Build: ++UE4+Release-4.23-CL-8386587
LogInit: Engine Version: 4.23.0-8386587+++UE4+Release-4.23
LogInit: Compatible Engine Version: 4.23.0-8386587+++UE4+Release-4.23
LogInit: Net CL: 8386587
LogInit: OS: Windows 10 (Release 1903) (), CPU: Intel(R) Core(TM) i7-4720HQ CPU @ 2.60GHz, GPU: NVIDIA GeForce GTX 965M
LogInit: Compiled (64-bit): Aug 31 2019 02:04:44
LogInit: Compiled with Visual C++: 19.16.27030.01
LogInit: Build Configuration: Development
LogInit: Branch Name: ++UE4+Release-4.23
LogInit: Command Line: 
LogInit: Base Directory: C:/Program Files/Epic Games/UE_4.23/Engine/Binaries/Win64/
LogInit: Installed Engine Build: 1
LogDevObjectVersion: Number of dev versions registered: 23
LogDevObjectVersion:   Dev-Blueprints (B0D832E4-1F89-4F0D-ACCF-7EB736FD4AA2): 10
LogDevObjectVersion:   Dev-Build (E1C64328-A22C-4D53-A36C-8E866417BD8C): 0
LogDevObjectVersion:   Dev-Core (375EC13C-06E4-48FB-B500-84F0262A717E): 3
LogDevObjectVersion:   Dev-Editor (E4B068ED-F494-42E9-A231-DA0B2E46BB41): 34
LogDevObjectVersion:   Dev-Framework (CFFC743F-43B0-4480-9391-14DF171D2073): 35
LogDevObjectVersion:   Dev-Mobile (B02B49B5-BB20-44E9-A304-32B752E40360): 2
LogDevObjectVersion:   Dev-Networking (A4E4105C-59A1-49B5-A7C5-40C4547EDFEE): 0
LogDevObjectVersion:   Dev-Online (39C831C9-5AE6-47DC-9A44-9C173E1C8E7C): 0
LogDevObjectVersion:   Dev-Physics (78F01B33-EBEA-4F98-B9B4-84EACCB95AA2): 0
LogDevObjectVersion:   Dev-Platform (6631380F-2D4D-43E0-8009-CF276956A95A): 0
LogDevObjectVersion:   Dev-Rendering (12F88B9F-8875-4AFC-A67C-D90C383ABD29): 31
LogDevObjectVersion:   Dev-Sequencer (7B5AE74C-D270-4C10-A958-57980B212A5A): 11
LogDevObjectVersion:   Dev-VR (D7296918-1DD6-4BDD-9DE2-64A83CC13884): 2
LogDevObjectVersion:   Dev-LoadTimes (C2A15278-BFE7-4AFE-6C17-90FF531DF755): 1
LogDevObjectVersion:   Private-Geometry (6EACA3D4-40EC-4CC1-B786-8BED09428FC5): 3
LogDevObjectVersion:   Dev-AnimPhys (29E575DD-E0A3-4627-9D10-D276232CDCEA): 17
LogDevObjectVersion:   Dev-Anim (AF43A65D-7FD3-4947-9873-3E8ED9C1BB05): 2
LogDevObjectVersion:   Dev-ReflectionCapture (6B266CEC-1EC7-4B8F-A30B-E4D90942FC07): 1
LogDevObjectVersion:   Dev-Automation (0DF73D61-A23F-47EA-B727-89E90C41499A): 1
LogDevObjectVersion:   FortniteMain (601D1886-AC64-4F84-AA16-D3DE0DEAC7D6): 27
LogDevObjectVersion:   Dev-Enterprise (9DFFBCD6-494F-0158-E221-12823C92A888): 6
LogDevObjectVersion:   Dev-Niagara (F2AED0AC-9AFE-416F-8664-AA7FFA26D6FC): 1
LogDevObjectVersion:   Dev-Destruction (174F1F0B-B4C6-45A5-B13F-2EE8D0FB917D): 9
LogInit: Presizing for max 16777216 objects, including 0 objects not considered by GC, pre-allocating 0 bytes for permanent pool.
LogInit: Object subsystem initialized
LogConfig: Setting CVar [[con.DebugEarlyDefault:1]]
LogConfig: Setting CVar [[r.setres:1280x720]]
[2019.10.12-18.22.01:419][  0]LogConfig: Setting CVar [[r.VSync:0]]
[2019.10.12-18.22.01:419][  0]LogConfig: Setting CVar [[r.RHICmdBypass:0]]
[2019.10.12-18.22.01:419][  0]LogConfig: Applying CVar settings from Section [/Script/Engine.RendererSettings] File [C:/Users/bryce_000/Documents/GitHub/GameJamFall2019/GameJamFall2019/MagnetoCrab/Saved/Config/Windows/Engine.ini]
[2019.10.12-18.22.01:419][  0]LogConfig: Setting CVar [[r.GPUCrashDebugging:0]]
[2019.10.12-18.22.01:419][  0]LogConfig: Setting CVar [[r.MobileHDR:1]]
[2019.10.12-18.22.01:419][  0]LogConfig: Setting CVar [[r.Mobile.DisableVertexFog:1]]
[2019.10.12-18.22.01:419][  0]LogConfig: Setting CVar [[r.Shadow.CSM.MaxMobileCascades:2]]
[2019.10.12-18.22.01:419][  0]LogConfig: Setting CVar [[r.MobileMSAA:1]]
[2019.10.12-18.22.01:419][  0]LogConfig: Setting CVar [[r.Mobile.UseLegacyShadingModel:0]]
[2019.10.12-18.22.01:419][  0]LogConfig: Setting CVar [[r.Mobile.UseHWsRGBEncoding:0]]
[2019.10.12-18.22.01:419][  0]LogConfig: Setting CVar [[r.Mobile.AllowDitheredLODTransition:0]]
[2019.10.12-18.22.01:419][  0]LogConfig: Setting CVar [[r.Mobile.AllowSoftwareOcclusion:0]]
[2019.10.12-18.22.01:419][  0]LogConfig: Setting CVar [[r.DiscardUnusedQuality:0]]
[2019.10.12-18.22.01:419][  0]LogConfig: Setting CVar [[r.AllowOcclusionQueries:1]]
[2019.10.12-18.22.01:419][  0]LogConfig: Setting CVar [[r.MinScreenRadiusForLights:0.030000]]
[2019.10.12-18.22.01:419][  0]LogConfig: Setting CVar [[r.MinScreenRadiusForDepthPrepass:0.030000]]
[2019.10.12-18.22.01:419][  0]LogConfig: Setting CVar [[r.MinScreenRadiusForCSMDepth:0.010000]]
[2019.10.12-18.22.01:419][  0]LogConfig: Setting CVar [[r.PrecomputedVisibilityWarning:0]]
[2019.10.12-18.22.01:419][  0]LogConfig: Setting CVar [[r.TextureStreaming:1]]
[2019.10.12-18.22.01:419][  0]LogConfig: Setting CVar [[Compat.UseDXT5NormalMaps:0]]
[2019.10.12-18.22.01:419][  0]LogConfig: Setting CVar [[r.VirtualTextures:0]]
[2019.10.12-18.22.01:419][  0]LogConfig: Setting CVar [[r.VirtualTexturedLightmaps:0]]
[2019.10.12-18.22.01:419][  0]LogConfig: Setting CVar [[r.VT.TileSize:128]]
[2019.10.12-18.22.01:419][  0]LogConfig: Setting CVar [[r.VT.TileBorderSize:4]]
[2019.10.12-18.22.01:419][  0]LogConfig: Setting CVar [[r.vt.FeedbackFactor:16]]
[2019.10.12-18.22.01:419][  0]LogConfig: Setting CVar [[r.VT.EnableCompressZlib:1]]
[2019.10.12-18.22.01:419][  0]LogConfig: Setting CVar [[r.VT.EnableCompressCrunch:0]]
[2019.10.12-18.22.01:419][  0]LogConfig: Setting CVar [[r.ClearCoatNormal:0]]
[2019.10.12-18.22.01:419][  0]LogConfig: Setting CVar [[r.ReflectionCaptureResolution:128]]
[2019.10.12-18.22.01:419][  0]LogConfig: Setting CVar [[r.ReflectionEnvironmentLightmapMixBasedOnRoughness:1]]
[2019.10.12-18.22.01:419][  0]LogConfig: Setting CVar [[r.ForwardShading:0]]
[2019.10.12-18.22.01:419][  0]LogConfig: Setting CVar [[r.VertexFoggingForOpaque:1]]
[2019.10.12-18.22.01:419][  0]LogConfig: Setting CVar [[r.AllowStaticLighting:1]]
[2019.10.12-18.22.01:419][  0]LogConfig: Setting CVar [[r.NormalMapsForStaticLighting:0]]
[2019.10.12-18.22.01:419][  0]LogConfig: Setting CVar [[r.GenerateMeshDistanceFields:0]]
[2019.10.12-18.22.01:419][  0]LogConfig: Setting CVar [[r.DistanceFieldBuild.EightBit:0]]
[2019.10.12-18.22.01:419][  0]LogConfig: Setting CVar [[r.GenerateLandscapeGIData:0]]
[2019.10.12-18.22.01:419][  0]LogConfig: Setting CVar [[r.DistanceFieldBuild.Compress:0]]
[2019.10.12-18.22.01:419][  0]LogConfig: Setting CVar [[r.TessellationAdaptivePixelsPerTriangle:48.000000]]
[2019.10.12-18.22.01:419][  0]LogConfig: Setting CVar [[r.SeparateTranslucency:1]]
[2019.10.12-18.22.01:419][  0]LogConfig: Setting CVar [[r.TranslucentSortPolicy:0]]
[2019.10.12-18.22.01:419][  0]LogConfig: Setting CVar [[r.CustomDepth:1]]
[2019.10.12-18.22.01:419][  0]LogConfig: Setting CVar [[r.CustomDepthTemporalAAJitter:1]]
[2019.10.12-18.22.01:419][  0]LogConfig: Setting CVar [[r.PostProcessing.PropagateAlpha:0]]
[2019.10.12-18.22.01:419][  0]LogConfig: Setting CVar [[r.DefaultFeature.Bloom:1]]
[2019.10.12-18.22.01:419][  0]LogConfig: Setting CVar [[r.DefaultFeature.AmbientOcclusion:1]]
[2019.10.12-18.22.01:420][  0]LogConfig: Setting CVar [[r.DefaultFeature.AmbientOcclusionStaticFraction:1]]
[2019.10.12-18.22.01:420][  0]LogConfig: Setting CVar [[r.DefaultFeature.AutoExposure:0]]
[2019.10.12-18.22.01:420][  0]LogConfig: Setting CVar [[r.DefaultFeature.AutoExposure.Method:0]]
[2019.10.12-18.22.01:420][  0]LogConfig: Setting CVar [[r.DefaultFeature.AutoExposure.ExtendDefaultLuminanceRange:0]]
[2019.10.12-18.22.01:420][  0]LogConfig: Setting CVar [[r.UsePreExposure:1]]
[2019.10.12-18.22.01:420][  0]LogConfig: Setting CVar [[r.EyeAdaptation.EditorOnly:1]]
[2019.10.12-18.22.01:420][  0]LogConfig: Setting CVar [[r.DefaultFeature.MotionBlur:0]]
[2019.10.12-18.22.01:420][  0]LogConfig: Setting CVar [[r.DefaultFeature.LensFlare:0]]
[2019.10.12-18.22.01:420][  0]LogConfig: Setting CVar [[r.TemporalAA.Upsampling:0]]
[2019.10.12-18.22.01:420][  0]LogConfig: Setting CVar [[r.DefaultFeature.AntiAliasing:0]]
[2019.10.12-18.22.01:420][  0]LogConfig: Setting CVar [[r.DefaultFeature.LightUnits:1]]
[2019.10.12-18.22.01:420][  0]LogConfig: Setting CVar [[r.DefaultBackBufferPixelFormat:4]]
[2019.10.12-18.22.01:420][  0]LogConfig: Setting CVar [[r.Shadow.UnbuiltPreviewInGame:1]]
[2019.10.12-18.22.01:420][  0]LogConfig: Setting CVar [[r.StencilForLODDither:0]]
[2019.10.12-18.22.01:420][  0]LogConfig: Setting CVar [[r.EarlyZPass:3]]
[2019.10.12-18.22.01:420][  0]LogConfig: Setting CVar [[r.EarlyZPassOnlyMaterialMasking:0]]
[2019.10.12-18.22.01:420][  0]LogConfig: Setting CVar [[r.DBuffer:1]]
[2019.10.12-18.22.01:420][  0]LogConfig: Setting CVar [[r.ClearSceneMethod:1]]
[2019.10.12-18.22.01:420][  0]LogConfig: Setting CVar [[r.BasePassOutputsVelocity:0]]
[2019.10.12-18.22.01:420][  0]LogConfig: Setting CVar [[r.SelectiveBasePassOutputs:0]]
[2019.10.12-18.22.01:420][  0]LogConfig: Setting CVar [[fx.GPUSimulationTextureSizeX:1024]]
[2019.10.12-18.22.01:420][  0]LogConfig: Setting CVar [[fx.GPUSimulationTextureSizeY:1024]]
[2019.10.12-18.22.01:420][  0]LogConfig: Setting CVar [[r.AllowGlobalClipPlane:0]]
[2019.10.12-18.22.01:420][  0]LogConfig: Setting CVar [[r.GBufferFormat:1]]
[2019.10.12-18.22.01:420][  0]LogConfig: Setting CVar [[r.MorphTarget.Mode:1]]
[2019.10.12-18.22.01:420][  0]LogConfig: Setting CVar [[vr.InstancedStereo:0]]
[2019.10.12-18.22.01:420][  0]LogConfig: Setting CVar [[vr.MultiView:0]]
[2019.10.12-18.22.01:420][  0]LogConfig: Setting CVar [[vr.MobileMultiView:0]]
[2019.10.12-18.22.01:420][  0]LogConfig: Setting CVar [[vr.MobileMultiView.Direct:0]]
[2019.10.12-18.22.01:420][  0]LogConfig: Setting CVar [[vr.RoundRobinOcclusion:0]]
[2019.10.12-18.22.01:420][  0]LogConfig: Setting CVar [[vr.ODSCapture:0]]
[2019.10.12-18.22.01:420][  0]LogConfig: Setting CVar [[r.WireframeCullThreshold:5.000000]]
[2019.10.12-18.22.01:420][  0]LogConfig: Setting CVar [[r.RayTracing:0]]
[2019.10.12-18.22.01:420][  0]LogConfig: Setting CVar [[r.SupportStationarySkylight:1]]
[2019.10.12-18.22.01:420][  0]LogConfig: Setting CVar [[r.SupportLowQualityLightmaps:1]]
[2019.10.12-18.22.01:420][  0]LogConfig: Setting CVar [[r.SupportPointLightWholeSceneShadows:1]]
[2019.10.12-18.22.01:420][  0]LogConfig: Setting CVar [[r.SupportAtmosphericFog:1]]
[2019.10.12-18.22.01:420][  0]LogConfig: Setting CVar [[r.SkinCache.CompileShaders:0]]
[2019.10.12-18.22.01:420][  0]LogConfig: Setting CVar [[r.Mobile.EnableStaticAndCSMShadowReceivers:1]]
[2019.10.12-18.22.01:420][  0]LogConfig: Setting CVar [[r.Mobile.EnableMovableLightCSMShaderCulling:1]]
[2019.10.12-18.22.01:420][  0]LogConfig: Setting CVar [[r.Mobile.AllowDistanceFieldShadows:1]]
[2019.10.12-18.22.01:420][  0]LogConfig: Setting CVar [[r.Mobile.AllowMovableDirectionalLights:1]]
[2019.10.12-18.22.01:420][  0]LogConfig: Setting CVar [[r.MobileNumDynamicPointLights:4]]
[2019.10.12-18.22.01:420][  0]LogConfig: Setting CVar [[r.MobileDynamicPointLightsUseStaticBranch:1]]
[2019.10.12-18.22.01:420][  0]LogConfig: Setting CVar [[r.Mobile.EnableMovableSpotlights:0]]
[2019.10.12-18.22.01:420][  0]LogConfig: Setting CVar [[r.SkinCache.SceneMemoryLimitInMB:128.000000]]
[2019.10.12-18.22.01:420][  0]LogConfig: Setting CVar [[r.GPUSkin.Limit2BoneInfluences:0]]
[2019.10.12-18.22.01:420][  0]LogConfig: Setting CVar [[r.SupportDepthOnlyIndexBuffers:1]]
[2019.10.12-18.22.01:420][  0]LogConfig: Setting CVar [[r.SupportReversedIndexBuffers:1]]
[2019.10.12-18.22.01:420][  0]LogConfig: Setting CVar [[r.SupportMaterialLayers:0]]
[2019.10.12-18.22.01:420][  0]LogConfig: Applying CVar settings from Section [/Script/Engine.RendererOverrideSettings] File [C:/Users/bryce_000/Documents/GitHub/GameJamFall2019/GameJamFall2019/MagnetoCrab/Saved/Config/Windows/Engine.ini]
[2019.10.12-18.22.01:420][  0]LogConfig: Applying CVar settings from Section [/Script/Engine.StreamingSettings] File [C:/Users/bryce_000/Documents/GitHub/GameJamFall2019/GameJamFall2019/MagnetoCrab/Saved/Config/Windows/Engine.ini]
[2019.10.12-18.22.01:420][  0]LogConfig: Setting CVar [[s.MinBulkDataSizeForAsyncLoading:131072]]
[2019.10.12-18.22.01:420][  0]LogConfig: Setting CVar [[s.AsyncLoadingThreadEnabled:0]]
[2019.10.12-18.22.01:420][  0]LogConfig: Setting CVar [[s.EventDrivenLoaderEnabled:1]]
[2019.10.12-18.22.01:420][  0]LogConfig: Setting CVar [[s.WarnIfTimeLimitExceeded:0]]
[2019.10.12-18.22.01:420][  0]LogConfig: Setting CVar [[s.TimeLimitExceededMultiplier:1.5]]
[2019.10.12-18.22.01:420][  0]LogConfig: Setting CVar [[s.TimeLimitExceededMinTime:0.005]]
[2019.10.12-18.22.01:420][  0]LogConfig: Setting CVar [[s.UseBackgroundLevelStreaming:1]]
[2019.10.12-18.22.01:420][  0]LogConfig: Setting CVar [[s.PriorityAsyncLoadingExtraTime:15.0]]
[2019.10.12-18.22.01:420][  0]LogConfig: Setting CVar [[s.LevelStreamingActorsUpdateTimeLimit:5.0]]
[2019.10.12-18.22.01:420][  0]LogConfig: Setting CVar [[s.PriorityLevelStreamingActorsUpdateExtraTime:5.0]]
[2019.10.12-18.22.01:420][  0]LogConfig: Setting CVar [[s.LevelStreamingComponentsRegistrationGranularity:10]]
[2019.10.12-18.22.01:420][  0]LogConfig: Setting CVar [[s.UnregisterComponentsTimeLimit:1.0]]
[2019.10.12-18.22.01:420][  0]LogConfig: Setting CVar [[s.LevelStreamingComponentsUnregistrationGranularity:5]]
[2019.10.12-18.22.01:420][  0]LogConfig: Applying CVar settings from Section [/Script/Engine.GarbageCollectionSettings] File [C:/Users/bryce_000/Documents/GitHub/GameJamFall2019/GameJamFall2019/MagnetoCrab/Saved/Config/Windows/Engine.ini]
[2019.10.12-18.22.01:420][  0]LogConfig: Setting CVar [[gc.MaxObjectsNotConsideredByGC:1]]
[2019.10.12-18.22.01:420][  0]LogConfig: Setting CVar [[gc.SizeOfPermanentObjectPool:0]]
[2019.10.12-18.22.01:420][  0]LogConfig: Setting CVar [[gc.FlushStreamingOnGC:0]]
[2019.10.12-18.22.01:420][  0]LogConfig: Setting CVar [[gc.NumRetriesBeforeForcingGC:10]]
[2019.10.12-18.22.01:420][  0]LogConfig: Setting CVar [[gc.AllowParallelGC:1]]
[2019.10.12-18.22.01:420][  0]LogConfig: Setting CVar [[gc.TimeBetweenPurgingPendingKillObjects:61.1]]
[2019.10.12-18.22.01:420][  0]LogConfig: Setting CVar [[gc.MaxObjectsInEditor:16777216]]
[2019.10.12-18.22.01:420][  0]LogConfig: Setting CVar [[gc.IncrementalBeginDestroyEnabled:1]]
[2019.10.12-18.22.01:420][  0]LogConfig: Setting CVar [[gc.CreateGCClusters:1]]
[2019.10.12-18.22.01:420][  0]LogConfig: Setting CVar [[gc.MinGCClusterSize:5]]
[2019.10.12-18.22.01:420][  0]LogConfig: Setting CVar [[gc.ActorClusteringEnabled:0]]
[2019.10.12-18.22.01:420][  0]LogConfig: Setting CVar [[gc.BlueprintClusteringEnabled:0]]
[2019.10.12-18.22.01:420][  0]LogConfig: Setting CVar [[gc.UseDisregardForGCOnDedicatedServers:0]]
[2019.10.12-18.22.01:420][  0]LogConfig: Applying CVar settings from Section [/Script/Engine.NetworkSettings] File [C:/Users/bryce_000/Documents/GitHub/GameJamFall2019/GameJamFall2019/MagnetoCrab/Saved/Config/Windows/Engine.ini]
[2019.10.12-18.22.01:421][  0]LogConfig: Applying CVar settings from Section [/Script/UnrealEd.CookerSettings] File [C:/Users/bryce_000/Documents/GitHub/GameJamFall2019/GameJamFall2019/MagnetoCrab/Saved/Config/Windows/Engine.ini]
[2019.10.12-18.22.01:423][  0]LogConfig: Applying CVar settings from Section [ViewDistanceQuality@3] File [C:/Users/bryce_000/Documents/GitHub/GameJamFall2019/GameJamFall2019/MagnetoCrab/Saved/Config/Windows/Scalability.ini]
[2019.10.12-18.22.01:423][  0]LogConfig: Setting CVar [[r.SkeletalMeshLODBias:0]]
[2019.10.12-18.22.01:423][  0]LogConfig: Setting CVar [[r.ViewDistanceScale:1.0]]
[2019.10.12-18.22.01:423][  0]LogConfig: Applying CVar settings from Section [AntiAliasingQuality@3] File [C:/Users/bryce_000/Documents/GitHub/GameJamFall2019/GameJamFall2019/MagnetoCrab/Saved/Config/Windows/Scalability.ini]
[2019.10.12-18.22.01:423][  0]LogConfig: Setting CVar [[r.PostProcessAAQuality:4]]
[2019.10.12-18.22.01:423][  0]LogConfig: Applying CVar settings from Section [ShadowQuality@3] File [C:/Users/bryce_000/Documents/GitHub/GameJamFall2019/GameJamFall2019/MagnetoCrab/Saved/Config/Windows/Scalability.ini]
[2019.10.12-18.22.01:423][  0]LogConfig: Setting CVar [[r.LightFunctionQuality:1]]
[2019.10.12-18.22.01:423][  0]LogConfig: Setting CVar [[r.ShadowQuality:5]]
[2019.10.12-18.22.01:423][  0]LogConfig: Setting CVar [[r.Shadow.CSM.MaxCascades:10]]
[2019.10.12-18.22.01:423][  0]LogConfig: Setting CVar [[r.Shadow.MaxResolution:2048]]
[2019.10.12-18.22.01:423][  0]LogConfig: Setting CVar [[r.Shadow.MaxCSMResolution:2048]]
[2019.10.12-18.22.01:423][  0]LogConfig: Setting CVar [[r.Shadow.RadiusThreshold:0.01]]
[2019.10.12-18.22.01:423][  0]LogConfig: Setting CVar [[r.Shadow.DistanceScale:1.0]]
[2019.10.12-18.22.01:423][  0]LogConfig: Setting CVar [[r.Shadow.CSM.TransitionScale:1.0]]
[2019.10.12-18.22.01:423][  0]LogConfig: Setting CVar [[r.Shadow.PreShadowResolutionFactor:1.0]]
[2019.10.12-18.22.01:423][  0]LogConfig: Setting CVar [[r.DistanceFieldShadowing:1]]
[2019.10.12-18.22.01:423][  0]LogConfig: Setting CVar [[r.DistanceFieldAO:1]]
[2019.10.12-18.22.01:423][  0]LogConfig: Setting CVar [[r.AOQuality:2]]
[2019.10.12-18.22.01:423][  0]LogConfig: Setting CVar [[r.VolumetricFog:1]]
[2019.10.12-18.22.01:423][  0]LogConfig: Setting CVar [[r.VolumetricFog.GridPixelSize:8]]
[2019.10.12-18.22.01:423][  0]LogConfig: Setting CVar [[r.VolumetricFog.GridSizeZ:128]]
[2019.10.12-18.22.01:423][  0]LogConfig: Setting CVar [[r.VolumetricFog.HistoryMissSupersampleCount:4]]
[2019.10.12-18.22.01:424][  0]LogConfig: Setting CVar [[r.LightMaxDrawDistanceScale:1]]
[2019.10.12-18.22.01:424][  0]LogConfig: Setting CVar [[r.CapsuleShadows:1]]
[2019.10.12-18.22.01:424][  0]LogConfig: Applying CVar settings from Section [PostProcessQuality@3] File [C:/Users/bryce_000/Documents/GitHub/GameJamFall2019/GameJamFall2019/MagnetoCrab/Saved/Config/Windows/Scalability.ini]
[2019.10.12-18.22.01:424][  0]LogConfig: Setting CVar [[r.MotionBlurQuality:4]]
[2019.10.12-18.22.01:424][  0]LogConfig: Setting CVar [[r.AmbientOcclusionMipLevelFactor:0.4]]
[2019.10.12-18.22.01:424][  0]LogConfig: Setting CVar [[r.AmbientOcclusionMaxQuality:100]]
[2019.10.12-18.22.01:424][  0]LogConfig: Setting CVar [[r.AmbientOcclusionLevels:-1]]
[2019.10.12-18.22.01:424][  0]LogConfig: Setting CVar [[r.AmbientOcclusionRadiusScale:1.0]]
[2019.10.12-18.22.01:424][  0]LogConfig: Setting CVar [[r.DepthOfFieldQuality:2]]
[2019.10.12-18.22.01:424][  0]LogConfig: Setting CVar [[r.RenderTargetPoolMin:400]]
[2019.10.12-18.22.01:424][  0]LogConfig: Setting CVar [[r.LensFlareQuality:2]]
[2019.10.12-18.22.01:424][  0]LogConfig: Setting CVar [[r.SceneColorFringeQuality:1]]
[2019.10.12-18.22.01:424][  0]LogConfig: Setting CVar [[r.EyeAdaptationQuality:2]]
[2019.10.12-18.22.01:424][  0]LogConfig: Setting CVar [[r.BloomQuality:5]]
[2019.10.12-18.22.01:424][  0]LogConfig: Setting CVar [[r.FastBlurThreshold:100]]
[2019.10.12-18.22.01:424][  0]LogConfig: Setting CVar [[r.Upscale.Quality:3]]
[2019.10.12-18.22.01:424][  0]LogConfig: Setting CVar [[r.Tonemapper.GrainQuantization:1]]
[2019.10.12-18.22.01:424][  0]LogConfig: Setting CVar [[r.LightShaftQuality:1]]
[2019.10.12-18.22.01:424][  0]LogConfig: Setting CVar [[r.Filter.SizeScale:1]]
[2019.10.12-18.22.01:424][  0]LogConfig: Setting CVar [[r.Tonemapper.Quality:5]]
[2019.10.12-18.22.01:424][  0]LogConfig: Setting CVar [[r.DOF.Gather.AccumulatorQuality:1        ; higher gathering accumulator quality]]
[2019.10.12-18.22.01:424][  0]LogConfig: Setting CVar [[r.DOF.Gather.PostfilterMethod:1          ; Median3x3 postfilering method]]
[2019.10.12-18.22.01:424][  0]LogConfig: Setting CVar [[r.DOF.Gather.EnableBokehSettings:0       ; no bokeh simulation when gathering]]
[2019.10.12-18.22.01:424][  0]LogConfig: Setting CVar [[r.DOF.Gather.RingCount:4                 ; medium number of samples when gathering]]
[2019.10.12-18.22.01:424][  0]LogConfig: Setting CVar [[r.DOF.Scatter.ForegroundCompositing:1    ; additive foreground scattering]]
[2019.10.12-18.22.01:424][  0]LogConfig: Setting CVar [[r.DOF.Scatter.BackgroundCompositing:2    ; additive background scattering]]
[2019.10.12-18.22.01:424][  0]LogConfig: Setting CVar [[r.DOF.Scatter.EnableBokehSettings:1      ; bokeh simulation when scattering]]
[2019.10.12-18.22.01:424][  0]LogConfig: Setting CVar [[r.DOF.Scatter.MaxSpriteRatio:0.1         ; only a maximum of 10% of scattered bokeh]]
[2019.10.12-18.22.01:424][  0]LogConfig: Setting CVar [[r.DOF.Recombine.Quality:1                ; cheap slight out of focus]]
[2019.10.12-18.22.01:424][  0]LogConfig: Setting CVar [[r.DOF.Recombine.EnableBokehSettings:0    ; no bokeh simulation on slight out of focus]]
[2019.10.12-18.22.01:424][  0]LogConfig: Setting CVar [[r.DOF.TemporalAAQuality:1                ; more stable temporal accumulation]]
[2019.10.12-18.22.01:424][  0]LogConfig: Setting CVar [[r.DOF.Kernel.MaxForegroundRadius:0.025]]
[2019.10.12-18.22.01:424][  0]LogConfig: Setting CVar [[r.DOF.Kernel.MaxBackgroundRadius:0.025]]
[2019.10.12-18.22.01:424][  0]LogConfig: Applying CVar settings from Section [TextureQuality@3] File [C:/Users/bryce_000/Documents/GitHub/GameJamFall2019/GameJamFall2019/MagnetoCrab/Saved/Config/Windows/Scalability.ini]
[2019.10.12-18.22.01:424][  0]LogConfig: Setting CVar [[r.Streaming.MipBias:0]]
[2019.10.12-18.22.01:424][  0]LogConfig: Setting CVar [[r.Streaming.AmortizeCPUToGPUCopy:0]]
[2019.10.12-18.22.01:424][  0]LogConfig: Setting CVar [[r.Streaming.MaxNumTexturesToStreamPerFrame:0]]
[2019.10.12-18.22.01:424][  0]LogConfig: Setting CVar [[r.Streaming.Boost:1]]
[2019.10.12-18.22.01:424][  0]LogConfig: Setting CVar [[r.MaxAnisotropy:8]]
[2019.10.12-18.22.01:424][  0]LogConfig: Setting CVar [[r.Streaming.LimitPoolSizeToVRAM:0]]
[2019.10.12-18.22.01:424][  0]LogConfig: Setting CVar [[r.Streaming.PoolSize:1000]]
[2019.10.12-18.22.01:424][  0]LogConfig: Setting CVar [[r.Streaming.MaxEffectiveScreenSize:0]]
[2019.10.12-18.22.01:424][  0]LogConfig: Applying CVar settings from Section [EffectsQuality@3] File [C:/Users/bryce_000/Documents/GitHub/GameJamFall2019/GameJamFall2019/MagnetoCrab/Saved/Config/Windows/Scalability.ini]
[2019.10.12-18.22.01:424][  0]LogConfig: Setting CVar [[r.TranslucencyLightingVolumeDim:64]]
[2019.10.12-18.22.01:424][  0]LogConfig: Setting CVar [[r.RefractionQuality:2]]
[2019.10.12-18.22.01:424][  0]LogConfig: Setting CVar [[r.SSR.Quality:3]]
[2019.10.12-18.22.01:424][  0]LogConfig: Setting CVar [[r.SceneColorFormat:4]]
[2019.10.12-18.22.01:424][  0]LogConfig: Setting CVar [[r.DetailMode:2]]
[2019.10.12-18.22.01:424][  0]LogConfig: Setting CVar [[r.TranslucencyVolumeBlur:1]]
[2019.10.12-18.22.01:424][  0]LogConfig: Setting CVar [[r.MaterialQualityLevel:1 ; High quality]]
[2019.10.12-18.22.01:424][  0]LogConfig: Setting CVar [[r.SSS.Scale:1]]
[2019.10.12-18.22.01:424][  0]LogConfig: Setting CVar [[r.SSS.SampleSet:2]]
[2019.10.12-18.22.01:424][  0]LogConfig: Setting CVar [[r.SSS.Quality:1]]
[2019.10.12-18.22.01:424][  0]LogConfig: Setting CVar [[r.SSS.HalfRes:1]]
[2019.10.12-18.22.01:424][  0]LogConfig: Setting CVar [[r.EmitterSpawnRateScale:1.0]]
[2019.10.12-18.22.01:424][  0]LogConfig: Setting CVar [[r.ParticleLightQuality:2]]
[2019.10.12-18.22.01:424][  0]LogConfig: Applying CVar settings from Section [FoliageQuality@3] File [C:/Users/bryce_000/Documents/GitHub/GameJamFall2019/GameJamFall2019/MagnetoCrab/Saved/Config/Windows/Scalability.ini]
[2019.10.12-18.22.01:424][  0]LogConfig: Setting CVar [[foliage.DensityScale:1.0]]
[2019.10.12-18.22.01:424][  0]LogConfig: Setting CVar [[grass.DensityScale:1.0]]
[2019.10.12-18.22.01:424][  0]LogInit: Selected Device Profile: [Windows]
[2019.10.12-18.22.01:424][  0]LogInit: Applying CVar settings loaded from the selected device profile: [Windows]
[2019.10.12-18.22.01:434][  0]LogHAL: Display: Platform has ~ 24 GB [25716510720 / 34359738368 / 24], which maps to Larger [LargestMinGB=32, LargerMinGB=12, DefaultMinGB=8, SmallerMinGB=6, SmallestMinGB=0)
[2019.10.12-18.22.01:434][  0]LogInit: Going up to parent DeviceProfile []
[2019.10.12-18.22.01:434][  0]LogConfig: Applying CVar settings from Section [ViewDistanceQuality@3] File [C:/Users/bryce_000/Documents/GitHub/GameJamFall2019/GameJamFall2019/MagnetoCrab/Saved/Config/Windows/Scalability.ini]
[2019.10.12-18.22.01:434][  0]LogConfig: Setting CVar [[r.SkeletalMeshLODBias:0]]
[2019.10.12-18.22.01:434][  0]LogConfig: Setting CVar [[r.ViewDistanceScale:1.0]]
[2019.10.12-18.22.01:434][  0]LogConfig: Applying CVar settings from Section [AntiAliasingQuality@3] File [C:/Users/bryce_000/Documents/GitHub/GameJamFall2019/GameJamFall2019/MagnetoCrab/Saved/Config/Windows/Scalability.ini]
[2019.10.12-18.22.01:434][  0]LogConfig: Setting CVar [[r.PostProcessAAQuality:4]]
[2019.10.12-18.22.01:434][  0]LogConfig: Applying CVar settings from Section [ShadowQuality@3] File [C:/Users/bryce_000/Documents/GitHub/GameJamFall2019/GameJamFall2019/MagnetoCrab/Saved/Config/Windows/Scalability.ini]
[2019.10.12-18.22.01:434][  0]LogConfig: Setting CVar [[r.LightFunctionQuality:1]]
[2019.10.12-18.22.01:434][  0]LogConfig: Setting CVar [[r.ShadowQuality:5]]
[2019.10.12-18.22.01:434][  0]LogConfig: Setting CVar [[r.Shadow.CSM.MaxCascades:10]]
[2019.10.12-18.22.01:434][  0]LogConfig: Setting CVar [[r.Shadow.MaxResolution:2048]]
[2019.10.12-18.22.01:434][  0]LogConfig: Setting CVar [[r.Shadow.MaxCSMResolution:2048]]
[2019.10.12-18.22.01:434][  0]LogConfig: Setting CVar [[r.Shadow.RadiusThreshold:0.01]]
[2019.10.12-18.22.01:434][  0]LogConfig: Setting CVar [[r.Shadow.DistanceScale:1.0]]
[2019.10.12-18.22.01:434][  0]LogConfig: Setting CVar [[r.Shadow.CSM.TransitionScale:1.0]]
[2019.10.12-18.22.01:434][  0]LogConfig: Setting CVar [[r.Shadow.PreShadowResolutionFactor:1.0]]
[2019.10.12-18.22.01:434][  0]LogConfig: Setting CVar [[r.DistanceFieldShadowing:1]]
[2019.10.12-18.22.01:434][  0]LogConfig: Setting CVar [[r.DistanceFieldAO:1]]
[2019.10.12-18.22.01:434][  0]LogConfig: Setting CVar [[r.AOQuality:2]]
[2019.10.12-18.22.01:434][  0]LogConfig: Setting CVar [[r.VolumetricFog:1]]
[2019.10.12-18.22.01:434][  0]LogConfig: Setting CVar [[r.VolumetricFog.GridPixelSize:8]]
[2019.10.12-18.22.01:434][  0]LogConfig: Setting CVar [[r.VolumetricFog.GridSizeZ:128]]
[2019.10.12-18.22.01:434][  0]LogConfig: Setting CVar [[r.VolumetricFog.HistoryMissSupersampleCount:4]]
[2019.10.12-18.22.01:434][  0]LogConfig: Setting CVar [[r.LightMaxDrawDistanceScale:1]]
[2019.10.12-18.22.01:434][  0]LogConfig: Setting CVar [[r.CapsuleShadows:1]]
[2019.10.12-18.22.01:434][  0]LogConfig: Applying CVar settings from Section [PostProcessQuality@3] File [C:/Users/bryce_000/Documents/GitHub/GameJamFall2019/GameJamFall2019/MagnetoCrab/Saved/Config/Windows/Scalability.ini]
[2019.10.12-18.22.01:434][  0]LogConfig: Setting CVar [[r.MotionBlurQuality:4]]
[2019.10.12-18.22.01:434][  0]LogConfig: Setting CVar [[r.AmbientOcclusionMipLevelFactor:0.4]]
[2019.10.12-18.22.01:434][  0]LogConfig: Setting CVar [[r.AmbientOcclusionMaxQuality:100]]
[2019.10.12-18.22.01:434][  0]LogConfig: Setting CVar [[r.AmbientOcclusionLevels:-1]]
[2019.10.12-18.22.01:434][  0]LogConfig: Setting CVar [[r.AmbientOcclusionRadiusScale:1.0]]
[2019.10.12-18.22.01:434][  0]LogConfig: Setting CVar [[r.DepthOfFieldQuality:2]]
[2019.10.12-18.22.01:434][  0]LogConfig: Setting CVar [[r.RenderTargetPoolMin:400]]
[2019.10.12-18.22.01:434][  0]LogConfig: Setting CVar [[r.LensFlareQuality:2]]
[2019.10.12-18.22.01:434][  0]LogConfig: Setting CVar [[r.SceneColorFringeQuality:1]]
[2019.10.12-18.22.01:434][  0]LogConfig: Setting CVar [[r.EyeAdaptationQuality:2]]
[2019.10.12-18.22.01:434][  0]LogConfig: Setting CVar [[r.BloomQuality:5]]
[2019.10.12-18.22.01:434][  0]LogConfig: Setting CVar [[r.FastBlurThreshold:100]]
[2019.10.12-18.22.01:434][  0]LogConfig: Setting CVar [[r.Upscale.Quality:3]]
[2019.10.12-18.22.01:434][  0]LogConfig: Setting CVar [[r.Tonemapper.GrainQuantization:1]]
[2019.10.12-18.22.01:434][  0]LogConfig: Setting CVar [[r.LightShaftQuality:1]]
[2019.10.12-18.22.01:434][  0]LogConfig: Setting CVar [[r.Filter.SizeScale:1]]
[2019.10.12-18.22.01:434][  0]LogConfig: Setting CVar [[r.Tonemapper.Quality:5]]
[2019.10.12-18.22.01:434][  0]LogConfig: Setting CVar [[r.DOF.Gather.AccumulatorQuality:1        ; higher gathering accumulator quality]]
[2019.10.12-18.22.01:434][  0]LogConfig: Setting CVar [[r.DOF.Gather.PostfilterMethod:1          ; Median3x3 postfilering method]]
[2019.10.12-18.22.01:434][  0]LogConfig: Setting CVar [[r.DOF.Gather.EnableBokehSettings:0       ; no bokeh simulation when gathering]]
[2019.10.12-18.22.01:434][  0]LogConfig: Setting CVar [[r.DOF.Gather.RingCount:4                 ; medium number of samples when gathering]]
[2019.10.12-18.22.01:434][  0]LogConfig: Setting CVar [[r.DOF.Scatter.ForegroundCompositing:1    ; additive foreground scattering]]
[2019.10.12-18.22.01:434][  0]LogConfig: Setting CVar [[r.DOF.Scatter.BackgroundCompositing:2    ; additive background scattering]]
[2019.10.12-18.22.01:434][  0]LogConfig: Setting CVar [[r.DOF.Scatter.EnableBokehSettings:1      ; bokeh simulation when scattering]]
[2019.10.12-18.22.01:434][  0]LogConfig: Setting CVar [[r.DOF.Scatter.MaxSpriteRatio:0.1         ; only a maximum of 10% of scattered bokeh]]
[2019.10.12-18.22.01:434][  0]LogConfig: Setting CVar [[r.DOF.Recombine.Quality:1                ; cheap slight out of focus]]
[2019.10.12-18.22.01:434][  0]LogConfig: Setting CVar [[r.DOF.Recombine.EnableBokehSettings:0    ; no bokeh simulation on slight out of focus]]
[2019.10.12-18.22.01:434][  0]LogConfig: Setting CVar [[r.DOF.TemporalAAQuality:1                ; more stable temporal accumulation]]
[2019.10.12-18.22.01:434][  0]LogConfig: Setting CVar [[r.DOF.Kernel.MaxForegroundRadius:0.025]]
[2019.10.12-18.22.01:434][  0]LogConfig: Setting CVar [[r.DOF.Kernel.MaxBackgroundRadius:0.025]]
[2019.10.12-18.22.01:434][  0]LogConfig: Applying CVar settings from Section [TextureQuality@3] File [C:/Users/bryce_000/Documents/GitHub/GameJamFall2019/GameJamFall2019/MagnetoCrab/Saved/Config/Windows/Scalability.ini]
[2019.10.12-18.22.01:434][  0]LogConfig: Setting CVar [[r.Streaming.MipBias:0]]
[2019.10.12-18.22.01:434][  0]LogConfig: Setting CVar [[r.Streaming.AmortizeCPUToGPUCopy:0]]
[2019.10.12-18.22.01:435][  0]LogConfig: Setting CVar [[r.Streaming.MaxNumTexturesToStreamPerFrame:0]]
[2019.10.12-18.22.01:435][  0]LogConfig: Setting CVar [[r.Streaming.Boost:1]]
[2019.10.12-18.22.01:435][  0]LogConfig: Setting CVar [[r.MaxAnisotropy:8]]
[2019.10.12-18.22.01:435][  0]LogConfig: Setting CVar [[r.Streaming.LimitPoolSizeToVRAM:0]]
[2019.10.12-18.22.01:435][  0]LogConfig: Setting CVar [[r.Streaming.PoolSize:1000]]
[2019.10.12-18.22.01:435][  0]LogConfig: Setting CVar [[r.Streaming.MaxEffectiveScreenSize:0]]
[2019.10.12-18.22.01:435][  0]LogConfig: Applying CVar settings from Section [EffectsQuality@3] File [C:/Users/bryce_000/Documents/GitHub/GameJamFall2019/GameJamFall2019/MagnetoCrab/Saved/Config/Windows/Scalability.ini]
[2019.10.12-18.22.01:435][  0]LogConfig: Setting CVar [[r.TranslucencyLightingVolumeDim:64]]
[2019.10.12-18.22.01:435][  0]LogConfig: Setting CVar [[r.RefractionQuality:2]]
[2019.10.12-18.22.01:435][  0]LogConfig: Setting CVar [[r.SSR.Quality:3]]
[2019.10.12-18.22.01:435][  0]LogConfig: Setting CVar [[r.SceneColorFormat:4]]
[2019.10.12-18.22.01:435][  0]LogConfig: Setting CVar [[r.DetailMode:2]]
[2019.10.12-18.22.01:435][  0]LogConfig: Setting CVar [[r.TranslucencyVolumeBlur:1]]
[2019.10.12-18.22.01:435][  0]LogConfig: Setting CVar [[r.MaterialQualityLevel:1 ; High quality]]
[2019.10.12-18.22.01:435][  0]LogConfig: Setting CVar [[r.SSS.Scale:1]]
[2019.10.12-18.22.01:435][  0]LogConfig: Setting CVar [[r.SSS.SampleSet:2]]
[2019.10.12-18.22.01:435][  0]LogConfig: Setting CVar [[r.SSS.Quality:1]]
[2019.10.12-18.22.01:435][  0]LogConfig: Setting CVar [[r.SSS.HalfRes:1]]
[2019.10.12-18.22.01:435][  0]LogConfig: Setting CVar [[r.EmitterSpawnRateScale:1.0]]
[2019.10.12-18.22.01:435][  0]LogConfig: Setting CVar [[r.ParticleLightQuality:2]]
[2019.10.12-18.22.01:435][  0]LogConfig: Applying CVar settings from Section [FoliageQuality@3] File [C:/Users/bryce_000/Documents/GitHub/GameJamFall2019/GameJamFall2019/MagnetoCrab/Saved/Config/Windows/Scalability.ini]
[2019.10.12-18.22.01:435][  0]LogConfig: Setting CVar [[foliage.DensityScale:1.0]]
[2019.10.12-18.22.01:435][  0]LogConfig: Setting CVar [[grass.DensityScale:1.0]]
[2019.10.12-18.22.01:435][  0]LogConfig: Applying CVar settings from Section [Startup] File [../../../Engine/Config/ConsoleVariables.ini]
[2019.10.12-18.22.01:440][  0]LogConfig: Setting CVar [[net.UseAdaptiveNetUpdateFrequency:0]]
[2019.10.12-18.22.01:440][  0]LogConfig: Setting CVar [[p.chaos.AllowCreatePhysxBodies:1]]
[2019.10.12-18.22.01:440][  0]LogConfig: Applying CVar settings from Section [ConsoleVariables] File [C:/Users/bryce_000/Documents/GitHub/GameJamFall2019/GameJamFall2019/MagnetoCrab/Saved/Config/Windows/Engine.ini]
[2019.10.12-18.22.01:440][  0]LogInit: Computer: DERP_CAT_COMP
[2019.10.12-18.22.01:440][  0]LogInit: User: bryce000
[2019.10.12-18.22.01:440][  0]LogInit: CPU Page size=4096, Cores=4
[2019.10.12-18.22.01:440][  0]LogInit: High frequency timer resolution =10.000000 MHz
[2019.10.12-18.22.01:440][  0]LogMemory: Memory total: Physical=24.0GB (24GB approx)
[2019.10.12-18.22.01:440][  0]LogMemory: Platform Memory Stats for Windows
[2019.10.12-18.22.01:440][  0]LogMemory: Process Physical Memory: 101.49 MB used, 101.50 MB peak
[2019.10.12-18.22.01:440][  0]LogMemory: Process Virtual Memory: 100.73 MB used, 100.73 MB peak
[2019.10.12-18.22.01:440][  0]LogMemory: Physical Memory: 12354.40 MB used,  12170.77 MB free, 24525.18 MB total
[2019.10.12-18.22.01:440][  0]LogMemory: Virtual Memory: 4668.31 MB used,  134213056.00 MB free, 134217728.00 MB total
[2019.10.12-18.22.01:444][  0]LogWindows: WindowsPlatformFeatures enabled
[2019.10.12-18.22.02:411][  0]LogInit: Using OS detected language (en-US).
[2019.10.12-18.22.02:411][  0]LogInit: Using OS detected locale (en-US).
[2019.10.12-18.22.02:412][  0]LogTextLocalizationManager: No specific localization for 'en-US' exists, so the 'en' localization will be used.
[2019.10.12-18.22.02:653][  0]LogInit: Setting process to per monitor DPI aware
[2019.10.12-18.22.02:738][  0]LogSlate: New Slate User Created.  User Index 0, Is Virtual User: 0
[2019.10.12-18.22.02:738][  0]LogSlate: Slate User Registered.  User Index 0, Is Virtual User: 0
[2019.10.12-18.22.05:891][  0]LogHMD: Failed to initialize OpenVR with code 110
[2019.10.12-18.22.05:891][  0]LogD3D11RHI: D3D11 adapters:
[2019.10.12-18.22.05:942][  0]LogD3D11RHI:    0. 'NVIDIA GeForce GTX 965M' (Feature Level 11_0)
[2019.10.12-18.22.05:942][  0]LogD3D11RHI:       2016/0/12262 MB DedicatedVideo/DedicatedSystem/SharedSystem, Outputs:1, VendorId:0x10de
[2019.10.12-18.22.05:945][  0]LogD3D11RHI:    1. 'Microsoft Basic Render Driver' (Feature Level 11_0)
[2019.10.12-18.22.05:945][  0]LogD3D11RHI:       0/0/12262 MB DedicatedVideo/DedicatedSystem/SharedSystem, Outputs:0, VendorId:0x1414
[2019.10.12-18.22.05:945][  0]LogD3D11RHI: Chosen D3D11 Adapter: 0
[2019.10.12-18.22.05:954][  0]LogD3D11RHI: Creating new Direct3DDevice
[2019.10.12-18.22.05:954][  0]LogD3D11RHI:     GPU DeviceId: 0x13d9 (for the marketing name, search the web for "GPU Device Id")
[2019.10.12-18.22.05:954][  0]LogWindows: EnumDisplayDevices:
[2019.10.12-18.22.05:954][  0]LogWindows:    0. 'NVIDIA GeForce GTX 965M' (P:0 D:0)
[2019.10.12-18.22.05:955][  0]LogWindows:    1. 'NVIDIA GeForce GTX 965M' (P:1 D:1)
[2019.10.12-18.22.05:955][  0]LogWindows:    2. 'NVIDIA GeForce GTX 965M' (P:0 D:0)
[2019.10.12-18.22.05:955][  0]LogWindows:    3. 'NVIDIA GeForce GTX 965M' (P:0 D:0)
[2019.10.12-18.22.05:955][  0]LogWindows: DebugString: FoundDriverCount:4 
[2019.10.12-18.22.05:955][  0]LogD3D11RHI:     Adapter Name: NVIDIA GeForce GTX 965M
[2019.10.12-18.22.05:955][  0]LogD3D11RHI:   Driver Version: 388.57 (internal:23.21.13.8857, unified:388.57)
[2019.10.12-18.22.05:955][  0]LogD3D11RHI:      Driver Date: 12-4-2017
[2019.10.12-18.22.05:955][  0]LogRHI: Texture pool is 1411 MB (70% of 2016 MB)
[2019.10.12-18.22.05:988][  0]LogD3D11RHI: Async texture creation enabled
[2019.10.12-18.22.06:001][  0]LogD3D11RHI: GPU Timing Frequency: 1000.000000 (Debug: 2 1)
[2019.10.12-18.22.06:486][  0]LogTemp: Display: Module 'AllDesktopTargetPlatform' loaded TargetPlatform 'AllDesktop'
[2019.10.12-18.22.06:496][  0]LogTemp: Display: Module 'MacClientTargetPlatform' loaded TargetPlatform 'MacClient'
[2019.10.12-18.22.06:505][  0]LogTemp: Display: Module 'MacNoEditorTargetPlatform' loaded TargetPlatform 'MacNoEditor'
[2019.10.12-18.22.06:515][  0]LogTemp: Display: Module 'MacServerTargetPlatform' loaded TargetPlatform 'MacServer'
[2019.10.12-18.22.06:530][  0]LogTemp: Display: Module 'MacTargetPlatform' loaded TargetPlatform 'Mac'
[2019.10.12-18.22.06:539][  0]LogTemp: Display: Module 'WindowsClientTargetPlatform' loaded TargetPlatform 'WindowsClient'
[2019.10.12-18.22.06:549][  0]LogTemp: Display: Module 'WindowsNoEditorTargetPlatform' loaded TargetPlatform 'WindowsNoEditor'
[2019.10.12-18.22.06:559][  0]LogTemp: Display: Module 'WindowsServerTargetPlatform' loaded TargetPlatform 'WindowsServer'
[2019.10.12-18.22.06:564][  0]LogTemp: Display: Module 'WindowsTargetPlatform' loaded TargetPlatform 'Windows'
[2019.10.12-18.22.06:632][  0]LogTemp: Display: Module 'AndroidTargetPlatform' loaded TargetPlatform 'Android'
[2019.10.12-18.22.06:633][  0]LogTemp: Display: Module 'AndroidTargetPlatform' loaded TargetPlatform 'Android_ASTC'
[2019.10.12-18.22.06:633][  0]LogTemp: Display: Module 'AndroidTargetPlatform' loaded TargetPlatform 'Android_ATC'
[2019.10.12-18.22.06:633][  0]LogTemp: Display: Module 'AndroidTargetPlatform' loaded TargetPlatform 'Android_DXT'
[2019.10.12-18.22.06:633][  0]LogTemp: Display: Module 'AndroidTargetPlatform' loaded TargetPlatform 'Android_ETC1'
[2019.10.12-18.22.06:633][  0]LogTemp: Display: Module 'AndroidTargetPlatform' loaded TargetPlatform 'Android_ETC1a'
[2019.10.12-18.22.06:633][  0]LogTemp: Display: Module 'AndroidTargetPlatform' loaded TargetPlatform 'Android_ETC2'
[2019.10.12-18.22.06:633][  0]LogTemp: Display: Module 'AndroidTargetPlatform' loaded TargetPlatform 'Android_PVRTC'
[2019.10.12-18.22.06:633][  0]LogTemp: Display: Module 'AndroidTargetPlatform' loaded TargetPlatform 'AndroidClient'
[2019.10.12-18.22.06:633][  0]LogTemp: Display: Module 'AndroidTargetPlatform' loaded TargetPlatform 'Android_ASTCClient'
[2019.10.12-18.22.06:633][  0]LogTemp: Display: Module 'AndroidTargetPlatform' loaded TargetPlatform 'Android_ATCClient'
[2019.10.12-18.22.06:633][  0]LogTemp: Display: Module 'AndroidTargetPlatform' loaded TargetPlatform 'Android_DXTClient'
[2019.10.12-18.22.06:633][  0]LogTemp: Display: Module 'AndroidTargetPlatform' loaded TargetPlatform 'Android_ETC1Client'
[2019.10.12-18.22.06:633][  0]LogTemp: Display: Module 'AndroidTargetPlatform' loaded TargetPlatform 'Android_ETC1aClient'
[2019.10.12-18.22.06:633][  0]LogTemp: Display: Module 'AndroidTargetPlatform' loaded TargetPlatform 'Android_ETC2Client'
[2019.10.12-18.22.06:633][  0]LogTemp: Display: Module 'AndroidTargetPlatform' loaded TargetPlatform 'Android_PVRTCClient'
[2019.10.12-18.22.06:633][  0]LogTemp: Display: Module 'AndroidTargetPlatform' loaded TargetPlatform 'Android_Multi'
[2019.10.12-18.22.06:633][  0]LogTemp: Display: Module 'AndroidTargetPlatform' loaded TargetPlatform 'Android_MultiClient'
[2019.10.12-18.22.06:635][  0]LogTemp: Display: Module 'HTML5TargetPlatform' loaded TargetPlatform 'HTML5'
[2019.10.12-18.22.06:664][  0]LogTemp: Display: Module 'IOSTargetPlatform' loaded TargetPlatform 'IOSClient'
[2019.10.12-18.22.06:664][  0]LogTemp: Display: Module 'IOSTargetPlatform' loaded TargetPlatform 'IOS'
[2019.10.12-18.22.06:679][  0]LogTemp: Display: Module 'TVOSTargetPlatform' loaded TargetPlatform 'TVOSClient'
[2019.10.12-18.22.06:679][  0]LogTemp: Display: Module 'TVOSTargetPlatform' loaded TargetPlatform 'TVOS'
[2019.10.12-18.22.06:686][  0]LogTemp: Display: Module 'LinuxClientTargetPlatform' loaded TargetPlatform 'LinuxClient'
[2019.10.12-18.22.06:695][  0]LogTemp: Display: Module 'LinuxNoEditorTargetPlatform' loaded TargetPlatform 'LinuxNoEditor'
[2019.10.12-18.22.06:703][  0]LogTemp: Display: Module 'LinuxServerTargetPlatform' loaded TargetPlatform 'LinuxServer'
[2019.10.12-18.22.06:848][  0]LogTemp: Display: Module 'LinuxTargetPlatform' loaded TargetPlatform 'Linux'
[2019.10.12-18.22.06:881][  0]LogTemp: Display: Module 'LuminTargetPlatform' loaded TargetPlatform 'Lumin'
[2019.10.12-18.22.06:882][  0]LogTemp: Display: Module 'LuminTargetPlatform' loaded TargetPlatform 'LuminClient'
[2019.10.12-18.22.06:882][  0]LogTargetPlatformManager: Display: Building Assets For Windows
[2019.10.12-18.22.07:124][  0]LogAudioDebug: Display: Lib vorbis DLL was dynamically loaded.
[2019.10.12-18.22.07:304][  0]LogShaderCompilers: Guid format shader working directory is -45 characters bigger than the processId version (../../../../../../Users/bryce_000/Documents/GitHub/GameJamFall2019/GameJamFall2019/MagnetoCrab/Intermediate/Shaders/WorkingDirectory/14960/).
[2019.10.12-18.22.07:305][  0]LogShaderCompilers: Cleaned the shader compiler working directory 'C:/Users/bryce_000/AppData/Local/Temp/UnrealShaderWorkingDir/88F0D2EE473ACF328F7FDA9A86D7746E/'.
[2019.10.12-18.22.07:307][  0]LogXGEController: Cleaning working directory: C:/Users/bryce_000/AppData/Local/Temp/UnrealXGEWorkingDir/
[2019.10.12-18.22.07:308][  0]LogXGEController: Cannot use XGE Controller as Incredibuild is not installed on this machine.
[2019.10.12-18.22.07:308][  0]LogShaderCompilers: Cannot use XGE Shader Compiler as Incredibuild is not installed on this machine.
[2019.10.12-18.22.07:308][  0]LogShaderCompilers: Display: Using Local Shader Compiler.
[2019.10.12-18.22.10:128][  0]LogDerivedDataCache: Display: Max Cache Size: 512 MB
[2019.10.12-18.22.10:195][  0]LogDerivedDataCache: Loaded boot cache 0.07s 73MB C:/Users/bryce_000/AppData/Local/UnrealEngine/4.23/DerivedDataCache/Boot.ddc.
[2019.10.12-18.22.10:195][  0]LogDerivedDataCache: Display: Loaded Boot cache: C:/Users/bryce_000/AppData/Local/UnrealEngine/4.23/DerivedDataCache/Boot.ddc
[2019.10.12-18.22.10:195][  0]LogDerivedDataCache: FDerivedDataBackendGraph:  Pak pak cache file ../../../../../../Users/bryce_000/Documents/GitHub/GameJamFall2019/GameJamFall2019/MagnetoCrab/DerivedDataCache/DDC.ddp not found, will not use a pak cache.
[2019.10.12-18.22.10:195][  0]LogDerivedDataCache: Unable to find inner node Pak for hierarchical cache Hierarchy.
[2019.10.12-18.22.10:195][  0]LogDerivedDataCache: FDerivedDataBackendGraph:  CompressedPak pak cache file ../../../../../../Users/bryce_000/Documents/GitHub/GameJamFall2019/GameJamFall2019/MagnetoCrab/DerivedDataCache/Compressed.ddp not found, will not use a pak cache.
[2019.10.12-18.22.10:196][  0]LogDerivedDataCache: Unable to find inner node CompressedPak for hierarchical cache Hierarchy.
[2019.10.12-18.22.10:232][  0]LogDerivedDataCache: Display: Pak cache opened for reading ../../../Engine/DerivedDataCache/Compressed.ddp.
[2019.10.12-18.22.10:232][  0]LogDerivedDataCache: FDerivedDataBackendGraph:  EnterprisePak pak cache file ../../../Enterprise/DerivedDataCache/Compressed.ddp not found, will not use a pak cache.
[2019.10.12-18.22.10:232][  0]LogDerivedDataCache: Unable to find inner node EnterprisePak for hierarchical cache Hierarchy.
[2019.10.12-18.22.10:234][  0]LogDerivedDataCache: Using Local data cache path C:/Users/bryce_000/AppData/Local/UnrealEngine/Common/DerivedDataCache: Writable
[2019.10.12-18.22.10:234][  0]LogDerivedDataCache: Shared data cache path not found in *engine.ini, will not use an Shared cache.
[2019.10.12-18.22.10:234][  0]LogDerivedDataCache: Unable to find inner node Shared for hierarchical cache Hierarchy.
[2019.10.12-18.22.10:256][  0]LogMaterial: Verifying Global Shaders for PCD3D_SM5
[2019.10.12-18.22.10:259][  0]LogSlate: Using FreeType 2.6.0
[2019.10.12-18.22.10:275][  0]LogSlate: SlateFontServices - WITH_FREETYPE: 1, WITH_HARFBUZZ: 1
[2019.10.12-18.22.10:465][  0]LogAssetRegistry: FAssetRegistry took 0.0027 seconds to start up
[2019.10.12-18.22.10:780][  0]LogInit: Selected Device Profile: [Windows]
[2019.10.12-18.22.11:329][  0]LogMeshReduction: Using QuadricMeshReduction for automatic static mesh reduction
[2019.10.12-18.22.11:329][  0]LogMeshReduction: Using SimplygonMeshReduction for automatic skeletal mesh reduction
[2019.10.12-18.22.11:329][  0]LogMeshReduction: Using ProxyLODMeshReduction for automatic mesh merging
[2019.10.12-18.22.11:329][  0]LogMeshReduction: No distributed automatic mesh merging module available
[2019.10.12-18.22.11:330][  0]LogMeshMerging: No distributed automatic mesh merging module available
[2019.10.12-18.22.11:383][  0]LogNetVersion: MagnetoCrab 1.0.0, NetCL: 8386587, EngineNetVer: 11, GameNetVer: 0 (Checksum: 301710744)
[2019.10.12-18.22.14:002][  0]LogPackageLocalizationCache: Processed 12 localized package path(s) for 1 prioritized culture(s) in 0.056611 seconds
[2019.10.12-18.22.14:011][  0]LogUObjectArray: 43444 objects as part of root set at end of initial load.
[2019.10.12-18.22.14:011][  0]LogUObjectAllocator: 7548648 out of 0 bytes used by permanent object pool.
[2019.10.12-18.22.14:011][  0]LogUObjectArray: CloseDisregardForGC: 0/0 objects in disregard for GC pool
[2019.10.12-18.22.17:179][  0]LogTcpMessaging: Initializing TcpMessaging bridge
[2019.10.12-18.22.17:183][  0]LogUdpMessaging: Initializing bridge on interface 0.0.0.0:0 to multicast group 230.0.0.1:6666.
[2019.10.12-18.22.17:259][  0]SourceControl: Source control is disabled
[2019.10.12-18.22.17:259][  0]SourceControl: Source control is disabled
[2019.10.12-18.22.17:260][  0]SourceControl: Source control is disabled
[2019.10.12-18.22.17:261][  0]SourceControl: Source control is disabled
[2019.10.12-18.22.17:432][  0]LogAndroidPermission: UAndroidPermissionCallbackProxy::GetInstance
[2019.10.12-18.22.17:660][  0]LogOcInput: OculusInput pre-init called
[2019.10.12-18.22.17:668][  0]LogWindows: Failed to load 'OVRPlugin.dll' (GetLastError=126)
[2019.10.12-18.22.17:668][  0]LogWindows: File 'OVRPlugin.dll' does not exist
[2019.10.12-18.22.17:801][  0]LogEngine: Initializing Engine...
[2019.10.12-18.22.17:802][  0]LogHMD: Failed to initialize OpenVR with code 110
[2019.10.12-18.22.17:803][  0]LogStats: UGameplayTagsManager::InitializeManager -  0.000 s
[2019.10.12-18.22.18:839][  0]LogInit: Initializing FReadOnlyCVARCache
[2019.10.12-18.22.18:854][  0]LogAIModule: Creating AISystem for world Untitled
[2019.10.12-18.22.18:866][  0]LogInit: XAudio2 using 'Speakers (Realtek High Definition Audio)' : 2 channels at 48 kHz using 32 bits per sample (channel mask 0x3)
[2019.10.12-18.22.18:892][  0]LogInit: FAudioDevice initialized.
[2019.10.12-18.22.18:892][  0]LogNetVersion: Set ProjectVersion to 1.0.0.0. Version Checksum will be recalculated on next use.
[2019.10.12-18.22.19:343][  0]LogDerivedDataCache: Saved boot cache 0.45s 73MB C:/Users/bryce_000/AppData/Local/UnrealEngine/4.23/DerivedDataCache/Boot.ddc.
[2019.10.12-18.22.19:349][  0]LogInit: Texture streaming: Enabled
[2019.10.12-18.22.19:371][  0]LogEngineSessionManager: EngineSessionManager initialized
[2019.10.12-18.22.19:449][  0]LogInit: Transaction tracking system initialized
[2019.10.12-18.22.19:485][  0]BlueprintLog: New page: Editor Load
[2019.10.12-18.22.19:578][  0]LocalizationService: Localization service is disabled
[2019.10.12-18.22.21:261][  0]LogFileCache: Scanning file cache for directory 'C:/Users/bryce_000/Documents/GitHub/GameJamFall2019/GameJamFall2019/MagnetoCrab/Content/' took 0.01s
[2019.10.12-18.22.21:261][  0]LogCook: Display: Max memory allowance for cook 16384mb min free memory 0mb
[2019.10.12-18.22.21:261][  0]LogCook: Display: Mobile HDR setting 1
[2019.10.12-18.22.21:452][  0]LogLinker: Warning: Failed to load '/Engine/BasicShapes/Cube': Can't find file.
[2019.10.12-18.22.21:452][  0]LogLinker: Warning: Failed to load '/Engine/BasicShapes/Cube': Can't find file.
[2019.10.12-18.22.21:452][  0]LogUObjectGlobals: Warning: Failed to find object 'StaticMesh /Engine/BasicShapes/Cube.Cube'
[2019.10.12-18.22.21:813][  0]SourceControl: Source control is disabled
[2019.10.12-18.22.21:819][  0]LightingResults: New page: Lighting Build
[2019.10.12-18.22.21:822][  0]LogWorld: UWorld::CleanupWorld for Untitled, bSessionEnded=true, bCleanupResources=true
[2019.10.12-18.22.21:823][  0]MapCheck: New page: Map Check
[2019.10.12-18.22.21:823][  0]LightingResults: New page: Lighting Build
[2019.10.12-18.22.21:848][  0]LogUObjectHash: Compacting FUObjectHashTables data took   1.86ms
[2019.10.12-18.22.22:645][  0]LogAIModule: Creating AISystem for world FirstPersonExampleMap
[2019.10.12-18.22.22:673][  0]LogEditorServer: Finished looking for orphan Actors (0.000 secs)
[2019.10.12-18.22.22:701][  0]LogUObjectHash: Compacting FUObjectHashTables data took   2.48ms
[2019.10.12-18.22.22:701][  0]Cmd: MAP CHECKDEP NOCLEARLOG
[2019.10.12-18.22.22:701][  0]MapCheck: Map check complete: 0 Error(s), 0 Warning(s), took 0.155ms to complete.
[2019.10.12-18.22.22:701][  0]LogFileHelpers: Loading map 'FirstPersonExampleMap' took 0.888
[2019.10.12-18.22.22:901][  0]LogSlate: Updating window title bar state: overlay mode, drag disabled, window buttons hidden, title bar hidden
[2019.10.12-18.22.22:908][  0]LogSlate: Updating window title bar state: overlay mode, drag disabled, window buttons hidden, title bar hidden
[2019.10.12-18.22.22:916][  0]LogSlate: Updating window title bar state: overlay mode, drag disabled, window buttons hidden, title bar hidden
[2019.10.12-18.22.22:923][  0]LogSlate: Updating window title bar state: overlay mode, drag disabled, window buttons hidden, title bar hidden
[2019.10.12-18.22.22:936][  0]LogCollectionManager: Loaded 0 collections in 0.002020 seconds
[2019.10.12-18.22.22:942][  0]LogFileCache: Scanning file cache for directory 'C:/Users/bryce_000/Documents/GitHub/GameJamFall2019/GameJamFall2019/MagnetoCrab/Saved/Collections/' took 0.00s
[2019.10.12-18.22.22:942][  0]LogFileCache: Scanning file cache for directory 'C:/Users/bryce_000/Documents/GitHub/GameJamFall2019/GameJamFall2019/MagnetoCrab/Content/Developers/bryce000/Collections/' took 0.00s
[2019.10.12-18.22.22:942][  0]LogFileCache: Scanning file cache for directory 'C:/Users/bryce_000/Documents/GitHub/GameJamFall2019/GameJamFall2019/MagnetoCrab/Content/Collections/' took 0.00s
[2019.10.12-18.22.22:942][  0]LogCollectionManager: Rebuilt the GUID cache for 0 collections in 0.000001 seconds
[2019.10.12-18.22.22:950][  0]LogContentBrowser: Native class hierarchy populated in 0.0086 seconds. Added 2863 classes and 680 folders.
[2019.10.12-18.22.22:957][  0]LogContentBrowser: Native class hierarchy updated for 'WidgetCarousel' in 0.0002 seconds. Added 0 classes and 0 folders.
[2019.10.12-18.22.23:277][  0]LogContentBrowser: Native class hierarchy updated for 'AddContentDialog' in 0.0003 seconds. Added 0 classes and 0 folders.
[2019.10.12-18.22.23:283][  0]LogContentBrowser: Native class hierarchy updated for 'SceneOutliner' in 0.0003 seconds. Added 1 classes and 2 folders.
[2019.10.12-18.22.23:308][  0]LogSlate: Took 0.005378 seconds to synchronously load lazily loaded font '../../../Engine/Content/Slate/Fonts/Roboto-Regular.ttf' (155K)
[2019.10.12-18.22.23:314][  0]LogSlate: Took 0.004283 seconds to synchronously load lazily loaded font '../../../Engine/Content/Slate/Fonts/Roboto-Bold.ttf' (160K)
[2019.10.12-18.22.23:323][  0]LogSlate: Took 0.005202 seconds to synchronously load lazily loaded font '../../../Engine/Content/Editor/Slate/Fonts/FontAwesome.ttf' (139K)
[2019.10.12-18.22.23:449][  0]LogRenderer: Reallocating scene render targets to support 1208x572 Format 10 NumSamples 1 (Frame:1).
[2019.10.12-18.22.23:624][  0]LogContentBrowser: Native class hierarchy updated for 'HierarchicalLODOutliner' in 0.0003 seconds. Added 0 classes and 0 folders.
[2019.10.12-18.22.23:625][  0]LogLoad: (Engine Initialization) Total time: 25.96 seconds
[2019.10.12-18.22.23:625][  0]LogLoad: (Engine Initialization) Total Blueprint compile time: 0.00 seconds
[2019.10.12-18.22.23:714][  0]LogContentStreaming: Texture pool size now 1000 MB
[2019.10.12-18.22.23:747][  0]LogSlate: Took 0.004672 seconds to synchronously load lazily loaded font '../../../Engine/Content/Slate/Fonts/Roboto-Light.ttf' (167K)
[2019.10.12-18.22.24:584][ 15]LogAssetRegistry: Asset discovery search completed in 14.1191 seconds
[2019.10.12-18.22.24:590][ 15]LogCollectionManager: Rebuilt the object cache for 0 collections in 0.000005 seconds (found 0 objects)
[2019.10.12-18.22.24:590][ 15]LogCollectionManager: Fixed up redirectors for 0 collections in 0.000072 seconds (updated 0 objects)
[2019.10.12-18.22.40:939][994]LogSlate: FSceneViewport::OnFocusLost() reason 0
[2019.10.12-18.22.41:093][  3]LogSlate: Took 0.000181 seconds to synchronously load lazily loaded font '../../../Engine/Content/Slate/Fonts/Roboto-Light.ttf' (167K)
[2019.10.12-18.22.41:161][  3]LogAIModule: Creating AISystem for world Bryce_test
[2019.10.12-18.22.41:168][  3]LogAssetEditorManager: Opening Asset editor for World /Game/Bryces_Literal_Shit/Bryce_test.Bryce_test
[2019.10.12-18.22.41:192][  3]LogUObjectHash: Compacting FUObjectHashTables data took   2.30ms
[2019.10.12-18.22.41:193][  3]Cmd: MAP LOAD FILE="../../../../../../Users/bryce_000/Documents/GitHub/GameJamFall2019/GameJamFall2019/MagnetoCrab/Content/Bryces_Literal_Shit/Bryce_test.umap" TEMPLATE=0 SHOWPROGRESS=1 FEATURELEVEL=3
[2019.10.12-18.22.41:193][  3]LightingResults: New page: Lighting Build
[2019.10.12-18.22.41:193][  3]LoadErrors: New page: Loading map: Bryce_test.umap
[2019.10.12-18.22.41:194][  3]LogWorld: UWorld::CleanupWorld for FirstPersonExampleMap, bSessionEnded=true, bCleanupResources=true
[2019.10.12-18.22.41:194][  3]MapCheck: New page: Map Check
[2019.10.12-18.22.41:194][  3]LightingResults: New page: Lighting Build
[2019.10.12-18.22.41:219][  3]LogUObjectHash: Compacting FUObjectHashTables data took   2.01ms
[2019.10.12-18.22.41:224][  3]LogEditorServer: Finished looking for orphan Actors (0.000 secs)
[2019.10.12-18.22.41:250][  3]LogUObjectHash: Compacting FUObjectHashTables data took   1.84ms
[2019.10.12-18.22.41:279][  3]Cmd: MAP CHECKDEP NOCLEARLOG
[2019.10.12-18.22.41:280][  3]MapCheck: Map check complete: 0 Error(s), 0 Warning(s), took 0.163ms to complete.
[2019.10.12-18.22.41:280][  3]LogFileHelpers: Loading map 'Bryce_test' took 0.088
[2019.10.12-18.24.37:957][316]LogSlate: FSceneViewport::OnFocusLost() reason 0
[2019.10.12-18.24.51:491][124]LogUObjectHash: Compacting FUObjectHashTables data took   2.67ms
[2019.10.12-18.24.53:085][205]LogAssetEditorManager: Opening Asset editor for Blueprint /Game/Bryces_Literal_Shit/Key_Door.Key_Door
[2019.10.12-18.24.53:388][205]LogContentBrowser: Native class hierarchy updated for 'BlueprintGraph' in 0.0006 seconds. Added 121 classes and 0 folders.
[2019.10.12-18.24.54:372][205]LogSlate: Took 0.004946 seconds to synchronously load lazily loaded font '../../../Engine/Content/Slate/Fonts/Roboto-BoldCondensed.ttf' (158K)
[2019.10.12-18.24.54:468][207]LogSlate: Took 0.005066 seconds to synchronously load lazily loaded font '../../../Engine/Content/Slate/Fonts/Roboto-Italic.ttf' (157K)
[2019.10.12-18.26.08:030][682]LogSlate: Window 'Key_Door' being destroyed
[2019.10.12-18.26.08:035][682]LogSlate: Window 'Key_Door' being destroyed
[2019.10.12-18.26.08:060][682]LogWorld: UWorld::CleanupWorld for World_2, bSessionEnded=true, bCleanupResources=true
[2019.10.12-18.26.14:030][894]LogSlate: Window 'Pick Parent Class' being destroyed
[2019.10.12-18.28.33:433][826]LogAssetEditorManager: Opening Asset editor for Blueprint /Game/Bryces_Literal_Shit/KEY.KEY
[2019.10.12-18.30.40:627][659]LogSavePackage: Moving '../../../../../../Users/bryce_000/Documents/GitHub/GameJamFall2019/GameJamFall2019/MagnetoCrab/Saved/Move_Cube15E7221C4D3DBC46280FE4BC019A5E84.tmp' to '../../../../../../Users/bryce_000/Documents/GitHub/GameJamFall2019/GameJamFall2019/MagnetoCrab/Content/Bryces_Literal_Shit/Bryces_ASSets/Move_Cube.uasset'
[2019.10.12-18.30.40:799][659]LogUObjectHash: Compacting FUObjectHashTables data took   4.52ms
[2019.10.12-18.30.40:831][659]LogUObjectHash: Compacting FUObjectHashTables data took   2.63ms
[2019.10.12-18.30.40:858][659]LogUObjectHash: Compacting FUObjectHashTables data took   0.99ms
[2019.10.12-18.30.40:931][659]LogSavePackage: Moving '../../../../../../Users/bryce_000/Documents/GitHub/GameJamFall2019/GameJamFall2019/MagnetoCrab/Saved/Platform_forward_Backward_YED8EB11A46263352D0E6FD9C83B8E224.tmp' to '../../../../../../Users/bryce_000/Documents/GitHub/GameJamFall2019/GameJamFall2019/MagnetoCrab/Content/Bryces_Literal_Shit/Platform_forward_Backward_Y.uasset'
[2019.10.12-18.30.41:002][659]LogSavePackage: Moving '../../../../../../Users/bryce_000/Documents/GitHub/GameJamFall2019/GameJamFall2019/MagnetoCrab/Saved/Platform_left_Right_XAB3D138F433796484EE35ABB89E3F08B.tmp' to '../../../../../../Users/bryce_000/Documents/GitHub/GameJamFall2019/GameJamFall2019/MagnetoCrab/Content/Bryces_Literal_Shit/Platform_left_Right_X.uasset'
[2019.10.12-18.30.41:072][659]LogSavePackage: Moving '../../../../../../Users/bryce_000/Documents/GitHub/GameJamFall2019/GameJamFall2019/MagnetoCrab/Saved/Platform_up_down_Z9B92D3544CBD48276F4AFF93750E7A90.tmp' to '../../../../../../Users/bryce_000/Documents/GitHub/GameJamFall2019/GameJamFall2019/MagnetoCrab/Content/Bryces_Literal_Shit/Platform_up_down_Z.uasset'
[2019.10.12-18.30.52:662][ 13]LogFactory: FactoryCreateFile: StaticMesh with FbxFactory (0 0 ../../../../../../Users/bryce_000/Downloads/keycard.fbx)
[2019.10.12-18.30.52:675][ 13]LogFbx: Loading FBX Scene from ../../../../../../Users/bryce_000/Downloads/keycard.fbx
[2019.10.12-18.30.52:681][ 13]LogFbx: FBX Scene Loaded Succesfully
[2019.10.12-18.30.56:147][ 13]LogSlate: Window 'FBX Import Options' being destroyed
[2019.10.12-18.30.56:327][ 13]LogFbx: Display: Triangulating static mesh pCube1
[2019.10.12-18.30.56:330][ 13]LogStaticMesh: Building static mesh keycard...
[2019.10.12-18.30.56:335][ 13]LogStaticMesh: Built static mesh [0.01s] /Game/Bryces_Literal_Shit/Bryces_ASSets/keycard.keycard
[2019.10.12-18.32.41:382][140]LogUObjectHash: Compacting FUObjectHashTables data took   5.70ms
[2019.10.12-18.32.41:382][140]LogFileHelpers: Editor autosave (incl. sublevels) for '/Game/Bryces_Literal_Shit/Bryce_test' took 0.126
[2019.10.12-18.32.41:384][140]OBJ SavePackage: Generating thumbnails for [1] asset(s) in package [/Game/Bryces_Literal_Shit/Key_Door] ([1] browsable assets)...
[2019.10.12-18.32.41:398][140]OBJ SavePackage:     Rendered thumbnail for [Blueprint /Game/Bryces_Literal_Shit/Key_Door.Key_Door]
[2019.10.12-18.32.41:398][140]OBJ SavePackage: Finished generating thumbnails for package [/Game/Bryces_Literal_Shit/Key_Door]
[2019.10.12-18.32.41:428][140]LogSavePackage: Moving '../../../../../../Users/bryce_000/Documents/GitHub/GameJamFall2019/GameJamFall2019/MagnetoCrab/Saved/Key_Door_Auto11E7A254E4599AC2ABCF660B1A38640FF.tmp' to '../../../../../../Users/bryce_000/Documents/GitHub/GameJamFall2019/GameJamFall2019/MagnetoCrab/Saved/Autosaves/Game/Bryces_Literal_Shit/Key_Door_Auto1.uasset'
[2019.10.12-18.32.41:429][140]OBJ SavePackage: Generating thumbnails for [1] asset(s) in package [/Game/Bryces_Literal_Shit/KEY] ([1] browsable assets)...
[2019.10.12-18.32.41:453][140]OBJ SavePackage:     Rendered thumbnail for [Blueprint /Game/Bryces_Literal_Shit/KEY.KEY]
[2019.10.12-18.32.41:453][140]OBJ SavePackage: Finished generating thumbnails for package [/Game/Bryces_Literal_Shit/KEY]
[2019.10.12-18.32.41:473][140]LogSavePackage: Moving '../../../../../../Users/bryce_000/Documents/GitHub/GameJamFall2019/GameJamFall2019/MagnetoCrab/Saved/KEY_Auto1445C0B96453F25636B41E9A95069A0C6.tmp' to '../../../../../../Users/bryce_000/Documents/GitHub/GameJamFall2019/GameJamFall2019/MagnetoCrab/Saved/Autosaves/Game/Bryces_Literal_Shit/KEY_Auto1.uasset'
[2019.10.12-18.32.41:474][140]OBJ SavePackage: Generating thumbnails for [1] asset(s) in package [/Game/Bryces_Literal_Shit/Bryces_ASSets/keycard] ([1] browsable assets)...
[2019.10.12-18.32.41:488][140]OBJ SavePackage:     Rendered thumbnail for [StaticMesh /Game/Bryces_Literal_Shit/Bryces_ASSets/keycard.keycard]
[2019.10.12-18.32.41:488][140]OBJ SavePackage: Finished generating thumbnails for package [/Game/Bryces_Literal_Shit/Bryces_ASSets/keycard]
[2019.10.12-18.32.41:505][140]LogSavePackage: Moving '../../../../../../Users/bryce_000/Documents/GitHub/GameJamFall2019/GameJamFall2019/MagnetoCrab/Saved/keycard_Auto1AB5BCD4B4B0C18FA2E0C88B6A112E8CC.tmp' to '../../../../../../Users/bryce_000/Documents/GitHub/GameJamFall2019/GameJamFall2019/MagnetoCrab/Saved/Autosaves/Game/Bryces_Literal_Shit/Bryces_ASSets/keycard_Auto1.uasset'
[2019.10.12-18.32.41:569][140]LogFileHelpers: Auto-saving content packages took 0.185
[2019.10.12-18.33.17:217][276]LogSavePackage: Moving '../../../../../../Users/bryce_000/Documents/GitHub/GameJamFall2019/GameJamFall2019/MagnetoCrab/Saved/KEY392CD51E41E43E6F5A110EBF5A427A15.tmp' to '../../../../../../Users/bryce_000/Documents/GitHub/GameJamFall2019/GameJamFall2019/MagnetoCrab/Content/Bryces_Literal_Shit/KEY.uasset'
[2019.10.12-18.33.18:422][343]LogSlate: Window 'KEY' being destroyed
[2019.10.12-18.33.18:427][343]LogSlate: Window 'KEY' being destroyed
[2019.10.12-18.33.18:442][343]LogWorld: UWorld::CleanupWorld for World_3, bSessionEnded=true, bCleanupResources=true
[2019.10.12-18.33.23:070][613]LogUObjectHash: Compacting FUObjectHashTables data took   4.58ms
[2019.10.12-18.33.23:306][613]LogSavePackage: Moving '../../../../../../Users/bryce_000/Documents/GitHub/GameJamFall2019/GameJamFall2019/MagnetoCrab/Saved/Bryce_test9B5F77BE41FA444F144D4689E5D39D47.tmp' to '../../../../../../Users/bryce_000/Documents/GitHub/GameJamFall2019/GameJamFall2019/MagnetoCrab/Content/Bryces_Literal_Shit/Bryce_test.umap'
